🚀 Starting migration from SQLite to PostgreSQL...

📦 Fetching data from SQLite...
   ✅ Found 108 companies
   ✅ Found 3524 articles

🗑️  Clearing PostgreSQL database...
❌ Migration failed: PrismaClientInitializationError: 
Invalid `postgresClient.article.deleteMany()` invocation in
/Volumes/Fiserv/personal/uniblog/scripts/migrate-to-postgres.ts:40:34

  37 
  38 // Step 2: Clear PostgreSQL database (optional - comment out if you want to keep existing data)
  39 console.log("🗑️  Clearing PostgreSQL database...");
→ 40 await postgresClient.article.deleteMany(
Can't reach database server at `aws-1-ap-southeast-1.pooler.supabase.com:5432`

Please make sure your database server is running at `aws-1-ap-southeast-1.pooler.supabase.com:5432`.
    at ei.handleRequestError (/Volumes/Fiserv/personal/uniblog/node_modules/@prisma/client/src/runtime/RequestHandler.ts:242:13)
    at ei.handleAndLogRequestError (/Volumes/Fiserv/personal/uniblog/node_modules/@prisma/client/src/runtime/RequestHandler.ts:174:12)
    at ei.request (/Volumes/Fiserv/personal/uniblog/node_modules/@prisma/client/src/runtime/RequestHandler.ts:143:12)
    at async a (/Volumes/Fiserv/personal/uniblog/node_modules/@prisma/client/src/runtime/getPrismaClient.ts:833:24)
    at async migrate (/Volumes/Fiserv/personal/uniblog/scripts/migrate-to-postgres.ts:40:5) {
  clientVersion: '6.19.2',
  errorCode: undefined,
  retryable: undefined
}

❌ Error: PrismaClientInitializationError: 
Invalid `postgresClient.article.deleteMany()` invocation in
/Volumes/Fiserv/personal/uniblog/scripts/migrate-to-postgres.ts:40:34

  37 
  38 // Step 2: Clear PostgreSQL database (optional - comment out if you want to keep existing data)
  39 console.log("🗑️  Clearing PostgreSQL database...");
→ 40 await postgresClient.article.deleteMany(
Can't reach database server at `aws-1-ap-southeast-1.pooler.supabase.com:5432`

Please make sure your database server is running at `aws-1-ap-southeast-1.pooler.supabase.com:5432`.
    at ei.handleRequestError (/Volumes/Fiserv/personal/uniblog/node_modules/@prisma/client/src/runtime/RequestHandler.ts:242:13)
    at ei.handleAndLogRequestError (/Volumes/Fiserv/personal/uniblog/node_modules/@prisma/client/src/runtime/RequestHandler.ts:174:12)
    at ei.request (/Volumes/Fiserv/personal/uniblog/node_modules/@prisma/client/src/runtime/RequestHandler.ts:143:12)
    at async a (/Volumes/Fiserv/personal/uniblog/node_modules/@prisma/client/src/runtime/getPrismaClient.ts:833:24)
    at async migrate (/Volumes/Fiserv/personal/uniblog/scripts/migrate-to-postgres.ts:40:5) {
  clientVersion: '6.19.2',
  errorCode: undefined,
  retryable: undefined
}
